1, 3.141593053589730732966245, -0.000000399999937616968282, 0.054244124999999997205347
1, 3.141593053589730732966245, -0.000000399999937616968282, 0.054213921999999997725084
1, 3.141593053589730732966245, -0.000000399999937616968282, 0.054152658999999998823416
1, 3.141593053589730732966245, -0.000000399999937616968282, 0.054127266999999999741444
1, 3.141593053589730732966245, -0.000000399999937616968282, 0.054115328999999996739678
1, 3.141593053589730732966245, -0.000000399999937616968282, 0.054110830999999998125460
1, 3.141593053589730732966245, -0.000000399999937616968282, 0.054121479000000000114667
1, 3.141593053589730732966245, -0.000000399999937616968282, 0.054113267999999999091632
1, 3.141593053589730732966245, -0.000000399999937616968282, 0.054118207000000001505313
1, 3.141593053589730732966245, -0.000000399999937616968282, 0.054114504000000000771831
1, 3.141593053589730732966245, -0.000000399999937616968282, 0.054142689000000000787427
1, 3.141593053589730732966245, -0.000000399999937616968282, 0.054127851999999997134605
1, 3.141593053589730732966245, -0.000000399999937616968282, 0.054135281000000000373173
1, 3.141593053589730732966245, -0.000000399999937616968282, 0.054137150000000001937028
1, 3.141593053589730732966245, -0.000000399999937616968282, 0.054125157000000000129258
1, 3.141593053589730732966245, -0.000000399999937616968282, 0.054121286999999997091582
1, 3.141593053589730732966245, -0.000000399999937616968282, 0.054117906999999999817508
1, 3.141593053589730732966245, -0.000000399999937616968282, 0.054126226999999998978907
1, 3.141593053589730732966245, -0.000000399999937616968282, 0.054155614999999997227764
1, 3.141593053589730732966245, -0.000000399999937616968282, 0.054159150000000003122302
2, 3.141593373589935733747325, -0.000000720000142617749361, 0.027106894999999998907558
2, 3.141593373589935733747325, -0.000000720000142617749361, 0.027097416999999998643567
2, 3.141593373589935733747325, -0.000000720000142617749361, 0.027115812999999999027834
2, 3.141593373589935733747325, -0.000000720000142617749361, 0.027106986999999999055078
2, 3.141593373589935733747325, -0.000000720000142617749361, 0.027110802999999999290948
2, 3.141593373589935733747325, -0.000000720000142617749361, 0.027091627000000000069502
2, 3.141593373589935733747325, -0.000000720000142617749361, 0.027143009999999998665965
2, 3.141593373589935733747325, -0.000000720000142617749361, 0.027110378000000000947578
2, 3.141593373589935733747325, -0.000000720000142617749361, 0.027065236999999998934729
2, 3.141593373589935733747325, -0.000000720000142617749361, 0.027124985000000000762155
2, 3.141593373589935733747325, -0.000000720000142617749361, 0.027111687999999998371914
2, 3.141593373589935733747325, -0.000000720000142617749361, 0.027088080999999999964878
2, 3.141593373589935733747325, -0.000000720000142617749361, 0.027101739999999999164437
2, 3.141593373589935733747325, -0.000000720000142617749361, 0.027095568000000000430383
2, 3.141593373589935733747325, -0.000000720000142617749361, 0.027098015999999999076087
2, 3.141593373589935733747325, -0.000000720000142617749361, 0.027138808999999999849173
2, 3.141593373589935733747325, -0.000000720000142617749361, 0.027095907999999998411189
2, 3.141593373589935733747325, -0.000000720000142617749361, 0.027100682000000000937412
2, 3.141593373589935733747325, -0.000000720000142617749361, 0.027151959999999999290088
2, 3.141593373589935733747325, -0.000000720000142617749361, 0.027095408000000001380592
3, 3.141593490512842645756564, -0.000000836923049529758600, 0.018073260000000000713438
3, 3.141593490512842645756564, -0.000000836923049529758600, 0.018114835999999998744636
3, 3.141593490512843089845774, -0.000000836923049973847810, 0.018066801000000000387846
3, 3.141593490512842645756564, -0.000000836923049529758600, 0.018112029000000001710546
3, 3.141593490512843089845774, -0.000000836923049973847810, 0.018568296000000001494401
3, 3.141593490512842645756564, -0.000000836923049529758600, 0.018106723000000001649878
3, 3.141593490512843089845774, -0.000000836923049973847810, 0.018116784000000000359742
3, 3.141593490512843089845774, -0.000000836923049973847810, 0.018049617000000000438531
3, 3.141593490512843089845774, -0.000000836923049973847810, 0.018111552999999998986302
3, 3.141593490512843089845774, -0.000000836923049973847810, 0.018083014000000001419988
3, 3.141593490512843089845774, -0.000000836923049973847810, 0.018049083999999999960995
3, 3.141593490512843089845774, -0.000000836923049973847810, 0.018120708999999998733976
3, 3.141593490512842645756564, -0.000000836923049529758600, 0.018081120999999998610885
3, 3.141593490512843089845774, -0.000000836923049973847810, 0.018112084999999999990195
3, 3.141593490512842645756564, -0.000000836923049529758600, 0.018100549000000000499089
3, 3.141593490512843089845774, -0.000000836923049973847810, 0.018140582999999998320417
3, 3.141593490512842645756564, -0.000000836923049529758600, 0.018061470999999999081931
3, 3.141593490512843089845774, -0.000000836923049973847810, 0.018126210000000000238662
3, 3.141593490512842645756564, -0.000000836923049529758600, 0.018065366999999998842696
3, 3.141593490512843089845774, -0.000000836923049973847810, 0.018118840000000000639568
4, 3.141594006060291821569308, -0.000001352470498705571345, 0.013598488000000000588963
4, 3.141594006060291821569308, -0.000001352470498705571345, 0.013609005000000000407123
4, 3.141594006060291821569308, -0.000001352470498705571345, 0.013564638999999999863233
4, 3.141594006060291821569308, -0.000001352470498705571345, 0.013600479000000000387449
4, 3.141594006060291821569308, -0.000001352470498705571345, 0.013590928000000000383518
4, 3.141594006060291821569308, -0.000001352470498705571345, 0.013559476000000000861512
4, 3.141594006060291821569308, -0.000001352470498705571345, 0.013556402999999999856029
4, 3.141594006060291821569308, -0.000001352470498705571345, 0.013570379999999999942606
4, 3.141594006060291821569308, -0.000001352470498705571345, 0.013575257000000000295881
4, 3.141594006060291821569308, -0.000001352470498705571345, 0.013561042000000000581905
4, 3.141594006060291821569308, -0.000001352470498705571345, 0.013606603000000000100456
4, 3.141594006060291821569308, -0.000001352470498705571345, 0.013602070000000000826734
4, 3.141594006060291821569308, -0.000001352470498705571345, 0.013588780999999999429817
4, 3.141594006060291821569308, -0.000001352470498705571345, 0.013611811999999999175937
4, 3.141594006060291821569308, -0.000001352470498705571345, 0.013607842000000000201587
4, 3.141594006060291821569308, -0.000001352470498705571345, 0.013618589000000000388546
4, 3.141594006060291821569308, -0.000001352470498705571345, 0.013609207999999999375018
4, 3.141594006060291821569308, -0.000001352470498705571345, 0.013594546000000000754437
4, 3.141594006060291821569308, -0.000001352470498705571345, 0.013600674000000000096744
4, 3.141594006060291821569308, -0.000001352470498705571345, 0.013599332000000000433837
5, 3.141594321052886940037752, -0.000001667463093824039788, 0.010863207999999999198160
5, 3.141594321052887384126961, -0.000001667463094268128998, 0.010882663000000000752543
5, 3.141594321052886940037752, -0.000001667463093824039788, 0.010897228000000000122660
5, 3.141594321052886940037752, -0.000001667463093824039788, 0.010894202000000000399305
5, 3.141594321052886940037752, -0.000001667463093824039788, 0.010900569000000000577377
5, 3.141594321052886940037752, -0.000001667463093824039788, 0.010888065000000000590030
5, 3.141594321052886940037752, -0.000001667463093824039788, 0.011022887999999999783518
5, 3.141594321052886940037752, -0.000001667463093824039788, 0.010858718999999999316186
5, 3.141594321052886940037752, -0.000001667463093824039788, 0.010898101000000000315726
5, 3.141594321052886940037752, -0.000001667463093824039788, 0.010902075000000000654099
5, 3.141594321052886940037752, -0.000001667463093824039788, 0.010906933000000000599794
5, 3.141594321052887384126961, -0.000001667463094268128998, 0.010864402000000000433899
5, 3.141594321052887384126961, -0.000001667463094268128998, 0.010885666000000000439019
5, 3.141594321052887384126961, -0.000001667463094268128998, 0.010891856000000000107009
5, 3.141594321052887384126961, -0.000001667463094268128998, 0.010858062999999999395651
5, 3.141594321052887384126961, -0.000001667463094268128998, 0.010903088999999999489376
5, 3.141594321052886940037752, -0.000001667463093824039788, 0.010899452999999999919245
5, 3.141594321052886940037752, -0.000001667463093824039788, 0.010909128000000000574543
5, 3.141594321052886940037752, -0.000001667463093824039788, 0.011484848000000000625698
5, 3.141594321052887384126961, -0.000001667463094268128998, 0.010877022000000000079289
6, 3.141593835767780173995334, -0.000001182177987057997370, 0.009089635999999999896315
6, 3.141593835767780618084544, -0.000001182177987502086580, 0.009069773999999999197774
6, 3.141593835767780173995334, -0.000001182177987057997370, 0.009137931999999999652107
6, 3.141593835767780618084544, -0.000001182177987502086580, 0.009105635000000000811582
6, 3.141593835767780618084544, -0.000001182177987502086580, 0.009062057999999999571838
6, 3.141593835767780618084544, -0.000001182177987502086580, 0.009073608999999999841224
6, 3.141593835767780618084544, -0.000001182177987502086580, 0.009141499000000000846322
6, 3.141593835767780173995334, -0.000001182177987057997370, 0.009061611000000000665233
6, 3.141593835767780618084544, -0.000001182177987502086580, 0.009087510999999999505850
6, 3.141593835767780618084544, -0.000001182177987502086580, 0.009100959999999999952558
6, 3.141593835767780618084544, -0.000001182177987502086580, 0.009061345999999999636931
6, 3.141593835767780618084544, -0.000001182177987502086580, 0.009101968999999999684891
6, 3.141593835767780618084544, -0.000001182177987502086580, 0.009093675000000000716027
6, 3.141593835767780173995334, -0.000001182177987057997370, 0.009064789999999999653424
6, 3.141593835767780618084544, -0.000001182177987502086580, 0.009074860000000000564979
6, 3.141593835767780618084544, -0.000001182177987502086580, 0.009060583000000000525320
6, 3.141593835767780618084544, -0.000001182177987502086580, 0.009055854000000000333936
6, 3.141593835767780618084544, -0.000001182177987502086580, 0.009087480000000000210369
6, 3.141593835767780618084544, -0.000001182177987502086580, 0.009102403000000000229952
6, 3.141593835767780618084544, -0.000001182177987502086580, 0.009070530000000000259153
7, 3.141594350323928974688670, -0.000001696734135858690706, 0.007796744999999999890805
7, 3.141594350323928530599460, -0.000001696734135414601496, 0.007777026000000000251211
7, 3.141594350323928974688670, -0.000001696734135858690706, 0.007786602999999999580316
7, 3.141594350323928974688670, -0.000001696734135858690706, 0.007776751999999999623303
7, 3.141594350323928530599460, -0.000001696734135414601496, 0.007805977999999999875080
7, 3.141594350323928974688670, -0.000001696734135858690706, 0.007814711999999999700317
7, 3.141594350323928974688670, -0.000001696734135858690706, 0.007774190999999999740488
7, 3.141594350323928530599460, -0.000001696734135414601496, 0.007825584999999999485931
7, 3.141594350323928974688670, -0.000001696734135858690706, 0.007773193999999999763417
7, 3.141594350323928530599460, -0.000001696734135414601496, 0.007798473000000000210363
7, 3.141594350323928974688670, -0.000001696734135858690706, 0.007807004999999999673987
7, 3.141594350323928530599460, -0.000001696734135414601496, 0.007774693000000000055183
7, 3.141594350323928530599460, -0.000001696734135414601496, 0.007795337000000000272915
7, 3.141594350323928974688670, -0.000001696734135858690706, 0.007804051999999999690572
7, 3.141594350323928974688670, -0.000001696734135858690706, 0.007777865000000000125779
7, 3.141594350323928530599460, -0.000001696734135414601496, 0.007819835000000000674314
7, 3.141594350323928530599460, -0.000001696734135414601496, 0.007808761000000000000731
7, 3.141594350323928974688670, -0.000001696734135858690706, 0.007784288999999999791868
7, 3.141594350323928974688670, -0.000001696734135858690706, 0.007805511000000000219889
7, 3.141594350323928974688670, -0.000001696734135858690706, 0.007785068000000000022764
8, 3.141595264780673080196038, -0.000002611190879964198075, 0.006835622999999999872822
8, 3.141595264780673524285248, -0.000002611190880408287285, 0.006844959999999999759879
8, 3.141595264780673524285248, -0.000002611190880408287285, 0.006828639000000000063018
8, 3.141595264780673080196038, -0.000002611190879964198075, 0.006820055999999999687966
8, 3.141595264780673524285248, -0.000002611190880408287285, 0.006818816000000000113190
8, 3.141595264780673524285248, -0.000002611190880408287285, 0.006821347000000000174169
8, 3.141595264780673524285248, -0.000002611190880408287285, 0.006835103000000000358916
8, 3.141595264780673080196038, -0.000002611190879964198075, 0.006862822000000000192965
8, 3.141595264780673524285248, -0.000002611190880408287285, 0.006861901000000000111489
8, 3.141595264780673524285248, -0.000002611190880408287285, 0.006819152000000000199420
8, 3.141595264780673524285248, -0.000002611190880408287285, 0.006827788000000000433187
8, 3.141595264780673524285248, -0.000002611190880408287285, 0.006814383999999999719233
8, 3.141595264780673524285248, -0.000002611190880408287285, 0.006843517000000000349846
8, 3.141595264780673524285248, -0.000002611190880408287285, 0.006863390999999999936287
8, 3.141595264780673524285248, -0.000002611190880408287285, 0.006837524000000000205801
8, 3.141595264780673524285248, -0.000002611190880408287285, 0.006816698000000000375043
8, 3.141595264780673524285248, -0.000002611190880408287285, 0.006822535999999999704879
8, 3.141595264780673524285248, -0.000002611190880408287285, 0.006850890999999999578240
8, 3.141595264780673524285248, -0.000002611190880408287285, 0.006833210999999999625543
8, 3.141595264780673080196038, -0.000002611190879964198075, 0.006823240999999999854830
9, 3.141595379171548074737075, -0.000002725581754958739111, 0.006105273999999999944011
9, 3.141595379171548518826285, -0.000002725581755402828321, 0.006088564000000000302204
9, 3.141595379171548074737075, -0.000002725581754958739111, 0.006073702000000000267299
9, 3.141595379171548518826285, -0.000002725581755402828321, 0.006083024000000000243438
9, 3.141595379171548518826285, -0.000002725581755402828321, 0.006116345999999999935581
9, 3.141595379171548518826285, -0.000002725581755402828321, 0.006105954000000000242432
9, 3.141595379171548074737075, -0.000002725581754958739111, 0.006069149999999999718636
9, 3.141595379171548518826285, -0.000002725581755402828321, 0.006084392999999999572525
9, 3.141595379171548518826285, -0.000002725581755402828321, 0.006104965000000000391323
9, 3.141595379171548518826285, -0.000002725581755402828321, 0.006088457000000000243767
9, 3.141595379171548074737075, -0.000002725581754958739111, 0.006082548999999999594923
9, 3.141595379171548074737075, -0.000002725581754958739111, 0.006078145000000000075513
9, 3.141595379171548518826285, -0.000002725581755402828321, 0.006119091000000000113435
9, 3.141595379171548518826285, -0.000002725581755402828321, 0.006076268999999999594064
9, 3.141595379171548518826285, -0.000002725581755402828321, 0.006113463999999999877455
9, 3.141595379171548074737075, -0.000002725581754958739111, 0.006071118999999999821249
9, 3.141595379171548518826285, -0.000002725581755402828321, 0.006085916000000000242176
9, 3.141595379171548074737075, -0.000002725581754958739111, 0.006076980000000000055327
9, 3.141595379171548518826285, -0.000002725581755402828321, 0.006115668000000000319172
9, 3.141595379171548074737075, -0.000002725581754958739111, 0.006075167999999999714211
10, 3.141595893515873871848498, -0.000003239926080755850535, 0.005504648000000000006293
10, 3.141595893515873871848498, -0.000003239926080755850535, 0.005479246000000000116348
10, 3.141595893515873871848498, -0.000003239926080755850535, 0.005502746999999999673314
10, 3.141595893515873871848498, -0.000003239926080755850535, 0.005485229999999999793425
10, 3.141595893515874315937708, -0.000003239926081199939745, 0.005528156000000000215577
10, 3.141595893515874315937708, -0.000003239926081199939745, 0.005482838999999999768376
10, 3.141595893515873871848498, -0.000003239926080755850535, 0.005482739000000000362256
10, 3.141595893515873871848498, -0.000003239926080755850535, 0.005512501000000000379864
10, 3.141595893515874315937708, -0.000003239926081199939745, 0.005509965000000000348579
10, 3.141595893515874315937708, -0.000003239926081199939745, 0.005490707000000000052864
10, 3.141595893515873871848498, -0.000003239926080755850535, 0.005505051999999999862156
10, 3.141595893515874315937708, -0.000003239926081199939745, 0.005483749999999999909239
10, 3.141595893515873871848498, -0.000003239926080755850535, 0.005517011999999999957711
10, 3.141595893515873871848498, -0.000003239926080755850535, 0.005489377999999999618863
10, 3.141595893515873871848498, -0.000003239926080755850535, 0.005524432000000000127227
10, 3.141595893515874315937708, -0.000003239926081199939745, 0.005475512000000000087385
10, 3.141595893515874315937708, -0.000003239926081199939745, 0.005499533000000000025620
10, 3.141595893515873871848498, -0.000003239926080755850535, 0.005493605000000000362914
10, 3.141595893515874315937708, -0.000003239926081199939745, 0.005483904999999999856086
10, 3.141595893515874315937708, -0.000003239926081199939745, 0.005476113000000000334555
11, 3.141594207826834850294517, -0.000001554237041734296554, 0.005010866000000000104742
11, 3.141594207826834850294517, -0.000001554237041734296554, 0.005005413999999999696833
11, 3.141594207826834850294517, -0.000001554237041734296554, 0.005056741000000000013648
11, 3.141594207826834850294517, -0.000001554237041734296554, 0.004995292999999999608574
11, 3.141594207826835294383727, -0.000001554237042178385764, 0.005015714000000000109825
11, 3.141594207826835294383727, -0.000001554237042178385764, 0.005033283000000000374785
11, 3.141594207826834850294517, -0.000001554237041734296554, 0.004991935999999999769294
11, 3.141594207826834850294517, -0.000001554237041734296554, 0.005011709999999999949616
11, 3.141594207826835294383727, -0.000001554237042178385764, 0.004997141000000000082837
11, 3.141594207826834850294517, -0.000001554237041734296554, 0.005002287999999999699996
11, 3.141594207826835294383727, -0.000001554237042178385764, 0.005156540999999999728975
11, 3.141594207826835294383727, -0.000001554237042178385764, 0.004991833999999999681163
11, 3.141594207826834850294517, -0.000001554237041734296554, 0.004988812999999999928114
11, 3.141594207826835294383727, -0.000001554237042178385764, 0.005032364999999999581604
11, 3.141594207826834850294517, -0.000001554237041734296554, 0.005009887999999999667888
11, 3.141594207826834850294517, -0.000001554237041734296554, 0.004996684999999999841902
11, 3.141594207826835294383727, -0.000001554237042178385764, 0.005002112999999999871925
11, 3.141594207826835294383727, -0.000001554237042178385764, 0.004999494999999999633733
11, 3.141594207826834850294517, -0.000001554237041734296554, 0.005028976999999999579483
11, 3.141594207826835738472937, -0.000001554237042622474974, 0.004994450000000000104705
12, 3.141595722112569877282340, -0.000003068522776761284376, 0.004655181999999999896411
12, 3.141595722112569877282340, -0.000003068522776761284376, 0.004591480999999999687566
12, 3.141595722112569877282340, -0.000003068522776761284376, 0.004622465000000000080738
12, 3.141595722112569877282340, -0.000003068522776761284376, 0.004603743000000000418215
12, 3.141595722112569877282340, -0.000003068522776761284376, 0.004594319000000000353945
12, 3.141595722112569877282340, -0.000003068522776761284376, 0.004599935000000000308307
12, 3.141595722112569877282340, -0.000003068522776761284376, 0.004585206999999999998019
12, 3.141595722112570321371550, -0.000003068522777205373586, 0.004602196999999999711684
12, 3.141595722112570321371550, -0.000003068522777205373586, 0.004591796000000000418928
12, 3.141595722112569877282340, -0.000003068522776761284376, 0.004599732999999999946694
12, 3.141595722112570321371550, -0.000003068522777205373586, 0.004603056999999999808482
12, 3.141595722112569877282340, -0.000003068522776761284376, 0.004604514999999999996794
12, 3.141595722112570321371550, -0.000003068522777205373586, 0.004591966999999999750337
12, 3.141595722112570321371550, -0.000003068522777205373586, 0.004601878999999999692028
12, 3.141595722112569877282340, -0.000003068522776761284376, 0.004617005999999999887873
12, 3.141595722112570321371550, -0.000003068522777205373586, 0.004583906999999999912210
12, 3.141595722112569877282340, -0.000003068522776761284376, 0.004632853999999999618231
12, 3.141595722112569877282340, -0.000003068522776761284376, 0.004625548000000000159471
12, 3.141595722112569877282340, -0.000003068522776761284376, 0.004589763000000000175982
12, 3.141595722112569877282340, -0.000003068522776761284376, 0.004616842000000000341420
13, 3.141594836378720501102180, -0.000002182788927385104216, 0.004286810000000000273057
13, 3.141594836378720057012970, -0.000002182788926941015006, 0.004253042999999999754235
13, 3.141594836378720057012970, -0.000002182788926941015006, 0.004249974000000000112776
13, 3.141594836378720501102180, -0.000002182788927385104216, 0.004302206999999999732787
13, 3.141594836378720057012970, -0.000002182788926941015006, 0.004282936999999999681810
13, 3.141594836378720501102180, -0.000002182788927385104216, 0.004286698000000000244314
13, 3.141594836378720501102180, -0.000002182788927385104216, 0.004271322000000000139452
13, 3.141594836378720501102180, -0.000002182788927385104216, 0.004249474999999999953737
13, 3.141594836378720501102180, -0.000002182788927385104216, 0.004240716000000000276970
13, 3.141594836378720057012970, -0.000002182788926941015006, 0.004244809999999999902687
13, 3.141594836378720057012970, -0.000002182788926941015006, 0.004248408000000000392382
13, 3.141594836378720501102180, -0.000002182788927385104216, 0.004247985000000000128939
13, 3.141594836378720057012970, -0.000002182788926941015006, 0.004239619000000000026418
13, 3.141594836378720501102180, -0.000002182788927385104216, 0.004255695999999999784569
13, 3.141594836378720501102180, -0.000002182788927385104216, 0.004251595999999999847541
13, 3.141594836378720501102180, -0.000002182788927385104216, 0.004261003000000000186243
13, 3.141594836378720057012970, -0.000002182788926941015006, 0.004242886999999999873834
13, 3.141594836378720501102180, -0.000002182788927385104216, 0.004278706999999999649464
13, 3.141594836378720057012970, -0.000002182788926941015006, 0.004249616000000000330672
13, 3.141594836378720057012970, -0.000002182788926941015006, 0.004254998999999999760580
14, 3.141595150629679533693661, -0.000002497039886417695698, 0.003976470000000000178109
14, 3.141595150629679977782871, -0.000002497039886861784908, 0.003959475999999999967782
14, 3.141595150629679533693661, -0.000002497039886417695698, 0.003973876999999999791446
14, 3.141595150629679533693661, -0.000002497039886417695698, 0.003962916000000000354975
14, 3.141595150629679533693661, -0.000002497039886417695698, 0.003957458999999999976760
14, 3.141595150629679533693661, -0.000002497039886417695698, 0.004005129999999999974858
14, 3.141595150629679533693661, -0.000002497039886417695698, 0.003955700000000000361722
14, 3.141595150629679977782871, -0.000002497039886861784908, 0.003957007000000000232487
14, 3.141595150629679533693661, -0.000002497039886417695698, 0.003975039999999999996982
14, 3.141595150629679977782871, -0.000002497039886861784908, 0.003954614000000000392787
14, 3.141595150629679533693661, -0.000002497039886417695698, 0.003950206000000000376715
14, 3.141595150629679533693661, -0.000002497039886417695698, 0.003971241999999999827686
14, 3.141595150629679977782871, -0.000002497039886861784908, 0.003963971999999999634712
14, 3.141595150629679089604451, -0.000002497039885973606488, 0.003989221000000000259822
14, 3.141595150629679533693661, -0.000002497039886417695698, 0.003977228000000000186775
14, 3.141595150629679533693661, -0.000002497039886417695698, 0.003970513000000000167211
14, 3.141595150629679533693661, -0.000002497039886417695698, 0.003944712000000000391708
14, 3.141595150629679533693661, -0.000002497039886417695698, 0.003995895000000000175933
14, 3.141595150629679533693661, -0.000002497039886417695698, 0.003956496000000000318186
14, 3.141595150629679533693661, -0.000002497039886417695698, 0.003960998000000000296428
15, 3.141595464868437215244512, -0.000002811278644099246549, 0.003725702999999999914110
15, 3.141595464868437215244512, -0.000002811278644099246549, 0.003709192999999999951904
15, 3.141595464868438547512142, -0.000002811278645431514178, 0.003705412999999999849182
15, 3.141595464868438103422932, -0.000002811278644987424968, 0.003706057000000000014456
15, 3.141595464868437659333722, -0.000002811278644543335758, 0.003704798000000000032100
15, 3.141595464868437659333722, -0.000002811278644543335758, 0.003710689000000000088014
15, 3.141595464868437659333722, -0.000002811278644543335758, 0.003704100000000000100786
15, 3.141595464868437215244512, -0.000002811278644099246549, 0.003710850999999999819817
15, 3.141595464868437659333722, -0.000002811278644543335758, 0.003700021999999999859632
15, 3.141595464868437215244512, -0.000002811278644099246549, 0.003708187999999999848871
15, 3.141595464868437215244512, -0.000002811278644099246549, 0.003711446000000000189356
15, 3.141595464868436771155302, -0.000002811278643655157339, 0.003703385999999999917548
15, 3.141595464868436771155302, -0.000002811278643655157339, 0.003708122999999999801213
15, 3.141595464868436771155302, -0.000002811278643655157339, 0.003704902999999999842207
15, 3.141595464868437215244512, -0.000002811278644099246549, 0.003730212000000000110989
15, 3.141595464868437659333722, -0.000002811278644543335758, 0.003688621999999999907793
15, 3.141595464868438103422932, -0.000002811278644987424968, 0.003745923999999999868399
15, 3.141595464868438103422932, -0.000002811278644987424968, 0.003747663999999999943219
15, 3.141595464868437215244512, -0.000002811278644099246549, 0.003723679000000000138132
15, 3.141595464868437659333722, -0.000002811278644543335758, 0.003726816999999999890231
16, 3.141597779096537479404105, -0.000005125506744363406142, 0.003501517999999999904842
16, 3.141597779096537479404105, -0.000005125506744363406142, 0.003485592000000000030557
16, 3.141597779096537479404105, -0.000005125506744363406142, 0.003489192999999999808547
16, 3.141597779096537035314896, -0.000005125506743919316932, 0.003492245000000000158119
16, 3.141597779096537035314896, -0.000005125506743919316932, 0.003497281000000000087541
16, 3.141597779096537035314896, -0.000005125506743919316932, 0.003495115000000000027303
16, 3.141597779096537479404105, -0.000005125506744363406142, 0.003486561999999999907768
16, 3.141597779096537035314896, -0.000005125506743919316932, 0.003473373000000000085374
16, 3.141597779096537923493315, -0.000005125506744807495352, 0.003482307999999999931218
16, 3.141597779096537035314896, -0.000005125506743919316932, 0.003482845999999999945379
16, 3.141597779096537479404105, -0.000005125506744363406142, 0.003500847999999999980714
16, 3.141597779096537479404105, -0.000005125506744363406142, 0.003485087999999999901213
16, 3.141597779096537479404105, -0.000005125506744363406142, 0.003483967000000000140136
16, 3.141597779096537479404105, -0.000005125506744363406142, 0.003486841999999999979626
16, 3.141597779096537479404105, -0.000005125506744363406142, 0.003519626999999999998614
16, 3.141597779096537479404105, -0.000005125506744363406142, 0.003487618000000000054867
16, 3.141597779096537035314896, -0.000005125506743919316932, 0.003508452000000000011587
16, 3.141597779096537479404105, -0.000005125506744363406142, 0.003485082999999999930907
16, 3.141597779096537479404105, -0.000005125506744363406142, 0.003499571999999999839109
16, 3.141597779096537479404105, -0.000005125506744363406142, 0.003518956000000000167161
17, 3.141597093317752165120282, -0.000004439727959049122319, 0.003352270999999999983449
17, 3.141597093317751721031073, -0.000004439727958605033109, 0.003313473999999999846516
17, 3.141597093317752165120282, -0.000004439727959049122319, 0.003339646999999999841396
17, 3.141597093317751721031073, -0.000004439727958605033109, 0.003345840000000000098723
17, 3.141597093317752609209492, -0.000004439727959493211529, 0.003290553999999999788134
17, 3.141597093317751721031073, -0.000004439727958605033109, 0.003289642000000000173626
17, 3.141597093317752165120282, -0.000004439727959049122319, 0.003319402999999999850228
17, 3.141597093317751721031073, -0.000004439727958605033109, 0.003292057000000000142881
17, 3.141597093317752165120282, -0.000004439727959049122319, 0.003288529000000000104831
17, 3.141597093317751721031073, -0.000004439727958605033109, 0.003339097999999999979298
17, 3.141597093317751721031073, -0.000004439727958605033109, 0.003298268999999999940426
17, 3.141597093317751276941863, -0.000004439727958160943899, 0.003292429999999999835902
17, 3.141597093317751721031073, -0.000004439727958605033109, 0.003296948999999999973393
17, 3.141597093317752165120282, -0.000004439727959049122319, 0.003308820999999999984409
17, 3.141597093317752165120282, -0.000004439727959049122319, 0.003286306000000000122896
17, 3.141597093317752165120282, -0.000004439727959049122319, 0.003295376999999999941687
17, 3.141597093317751721031073, -0.000004439727958605033109, 0.003320160999999999858895
17, 3.141597093317752165120282, -0.000004439727959049122319, 0.003300183999999999843317
17, 3.141597093317751276941863, -0.000004439727958160943899, 0.003297551000000000127887
17, 3.141597093317752165120282, -0.000004439727959049122319, 0.003304791999999999972670
18, 3.141596407531791257383702, -0.000003753941998141385739, 0.003123451000000000178647
18, 3.141596407531791257383702, -0.000003753941998141385739, 0.003129924000000000074151
18, 3.141596407531790813294492, -0.000003753941997697296529, 0.003155250999999999975826
18, 3.141596407531790369205282, -0.000003753941997253207319, 0.003114805999999999911593
18, 3.141596407531790369205282, -0.000003753941997253207319, 0.003123101000000000088824
18, 3.141596407531791257383702, -0.000003753941998141385739, 0.003166135000000000043058
18, 3.141596407531790369205282, -0.000003753941997253207319, 0.003162655999999999800743
18, 3.141596407531790813294492, -0.000003753941997697296529, 0.003222867999999999826660
18, 3.141596407531791257383702, -0.000003753941998141385739, 0.003120971000000000161734
18, 3.141596407531790813294492, -0.000003753941997697296529, 0.003123866999999999789772
18, 3.141596407531790813294492, -0.000003753941997697296529, 0.003125539000000000094959
18, 3.141596407531790369205282, -0.000003753941997253207319, 0.003129119000000000084399
18, 3.141596407531790813294492, -0.000003753941997697296529, 0.003131820000000000003143
18, 3.141596407531790813294492, -0.000003753941997697296529, 0.003125164000000000153606
18, 3.141596407531791257383702, -0.000003753941998141385739, 0.003128628000000000051323
18, 3.141596407531789925116072, -0.000003753941996809118109, 0.003123292000000000168819
18, 3.141596407531790813294492, -0.000003753941997697296529, 0.003145039999999999988378
18, 3.141596407531790813294492, -0.000003753941997697296529, 0.003125151000000000057338
18, 3.141596407531791257383702, -0.000003753941998141385739, 0.003156851999999999922042
18, 3.141596407531790813294492, -0.000003753941997697296529, 0.003157946999999999924263
19, 3.141595721739704583086450, -0.000003068149911467088486, 0.002996133000000000216195
19, 3.141595721739705027175660, -0.000003068149911911177696, 0.002978749000000000153598
19, 3.141595721739704583086450, -0.000003068149911467088486, 0.003012828999999999854409
19, 3.141595721739705915354079, -0.000003068149912799356116, 0.002971436000000000042520
19, 3.141595721739705471264870, -0.000003068149912355266906, 0.002978178000000000161945
19, 3.141595721739705471264870, -0.000003068149912355266906, 0.002967418999999999786044
19, 3.141595721739704583086450, -0.000003068149911467088486, 0.003006940000000000046826
19, 3.141595721739705915354079, -0.000003068149912799356116, 0.002972451999999999993490
19, 3.141595721739705471264870, -0.000003068149912355266906, 0.003475967999999999853006
19, 3.141595721739705471264870, -0.000003068149912355266906, 0.002985848000000000147802
19, 3.141595721739706359443289, -0.000003068149913243445326, 0.002968864999999999785413
19, 3.141595721739705915354079, -0.000003068149912799356116, 0.003015734999999999856740
19, 3.141595721739705915354079, -0.000003068149912799356116, 0.003145404000000000081794
19, 3.141595721739705915354079, -0.000003068149912799356116, 0.003153852999999999864866
19, 3.141595721739705027175660, -0.000003068149911911177696, 0.003018464000000000216350
19, 3.141595721739705471264870, -0.000003068149912355266906, 0.002965433999999999865188
19, 3.141595721739705471264870, -0.000003068149912355266906, 0.003012526000000000179352
19, 3.141595721739705471264870, -0.000003068149912355266906, 0.002964187999999999979100
19, 3.141595721739705471264870, -0.000003068149912355266906, 0.002991428999999999876341
19, 3.141595721739705471264870, -0.000003068149912355266906, 0.003002527999999999967773
20, 3.141599035941978534935970, -0.000006382352185418938006, 0.002837818000000000197985
20, 3.141599035941978979025180, -0.000006382352185863027216, 0.002842264000000000161855
20, 3.141599035941978534935970, -0.000006382352185418938006, 0.002867961000000000034577
20, 3.141599035941978979025180, -0.000006382352185863027216, 0.002871226000000000160017
20, 3.141599035941978534935970, -0.000006382352185418938006, 0.002849603000000000031788
20, 3.141599035941978979025180, -0.000006382352185863027216, 0.002855021000000000121199
20, 3.141599035941979423114390, -0.000006382352186307116426, 0.002845354000000000025544
20, 3.141599035941978534935970, -0.000006382352185418938006, 0.002866785000000000166454
20, 3.141599035941978979025180, -0.000006382352185863027216, 0.002865461000000000136440
20, 3.141599035941978534935970, -0.000006382352185418938006, 0.002877329000000000084475
20, 3.141599035941978979025180, -0.000006382352185863027216, 0.002991547000000000216396
20, 3.141599035941978979025180, -0.000006382352185863027216, 0.002856341000000000088233
20, 3.141599035941978534935970, -0.000006382352185418938006, 0.002832706999999999846612
20, 3.141599035941978979025180, -0.000006382352185863027216, 0.002867724999999999788147
20, 3.141599035941978534935970, -0.000006382352185418938006, 0.002881563000000000179801
20, 3.141599035941978979025180, -0.000006382352185863027216, 0.002849266000000000038234
20, 3.141599035941978534935970, -0.000006382352185418938006, 0.002872663000000000126100
20, 3.141599035941977646757550, -0.000006382352184530759587, 0.002828208000000000024027
20, 3.141599035941978979025180, -0.000006382352185863027216, 0.002873563999999999892671
20, 3.141599035941978534935970, -0.000006382352185418938006, 0.002861162999999999900780
